{
  "stats": {
    "suites": 1,
    "tests": 8,
    "passes": 1,
    "pending": 0,
    "failures": 7,
    "start": "2025-07-16T07:03:38.491Z",
    "end": "2025-07-16T07:03:39.946Z",
    "duration": 1455,
    "testsRegistered": 8,
    "passPercent": 12.5,
    "pendingPercent": 0,
    "other": 0,
    "hasOther": false,
    "skipped": 0,
    "hasSkipped": false
  },
  "results": [
    {
      "uuid": "ab8fe1c7-e584-4f58-bf5d-b059c07a4c6b",
      "title": "",
      "fullFile": "cypress\\integration\\backend\\backendTests.spec.js",
      "file": "cypress\\integration\\backend\\backendTests.spec.js",
      "beforeHooks": [],
      "afterHooks": [],
      "tests": [],
      "suites": [
        {
          "uuid": "0be51f0b-97e8-4ccc-9fba-fc52f3907345",
          "title": "Backend API Tests for Employee and Admin Role",
          "fullFile": "",
          "file": "",
          "beforeHooks": [],
          "afterHooks": [],
          "tests": [
            {
              "title": "should register a new employee",
              "fullTitle": "Backend API Tests for Employee and Admin Role should register a new employee",
              "timedOut": null,
              "duration": 285,
              "state": "failed",
              "speed": null,
              "pass": false,
              "fail": true,
              "pending": false,
              "context": null,
              "code": "cy.request(\"POST\", `${apiUrl}/auth/register`, {\n  username: employeeUsername,\n  // Use the dynamically generated username\n  password: employeePassword\n}).then(response => {\n  expect(response.status).to.eq(201);\n  expect(response.body).to.have.property(\"message\", \"User registered successfully\");\n});",
              "err": {
                "message": "CypressError: `cy.request()` failed on:\n\nhttp://localhost:8080/api/auth/register\n\nThe response we received from your web server was:\n\n  > 500: Internal Server Error\n\nThis was considered a failure because the status code was not `2xx` or `3xx`.\n\nIf you do not want status codes to cause failures pass the option: `failOnStatusCode: false`\n\n-----------------------------------------------------------\n\nThe request we sent was:\n\nMethod: POST\nURL: http://localhost:8080/api/auth/register\nHeaders: {\n  \"Connection\": \"keep-alive\",\n  \"user-agent\": \"Mozilla/5.0 (Windows NT 10.0; Win64; x64) AppleWebKit/537.36 (KHTML, like Gecko) Cypress/13.17.0 Chrome/118.0.5993.159 Electron/27.3.10 Safari/537.36\",\n  \"accept\": \"*/*\",\n  \"accept-encoding\": \"gzip, deflate\",\n  \"content-type\": \"application/json\",\n  \"content-length\": 50\n}\nBody: {\"username\":\"emp_1752649418465\",\"password\":\"emp4\"}\n\n-----------------------------------------------------------\n\nThe response we got was:\n\nStatus: 500 - Internal Server Error\nHeaders: {\n  \"x-powered-by\": \"Express\",\n  \"access-control-allow-origin\": \"*\",\n  \"content-type\": \"application/json; charset=utf-8\",\n  \"content-length\": \"135\",\n  \"etag\": \"W/\\\"87-d2ijfee+TH/R+4s2YzfpjaqdTYA\\\"\",\n  \"date\": \"Wed, 16 Jul 2025 07:03:38 GMT\",\n  \"connection\": \"keep-alive\",\n  \"keep-alive\": \"timeout=5\"\n}\nBody: {\n  \"message\": \"Internal Server Error\",\n  \"error\": \"E11000 duplicate key error collection: test.users index: email_1 dup key: { email: null }\"\n}\n\n\nhttps://on.cypress.io/request",
                "estack": "CypressError: `cy.request()` failed on:\n\nhttp://localhost:8080/api/auth/register\n\nThe response we received from your web server was:\n\n  > 500: Internal Server Error\n\nThis was considered a failure because the status code was not `2xx` or `3xx`.\n\nIf you do not want status codes to cause failures pass the option: `failOnStatusCode: false`\n\n-----------------------------------------------------------\n\nThe request we sent was:\n\nMethod: POST\nURL: http://localhost:8080/api/auth/register\nHeaders: {\n  \"Connection\": \"keep-alive\",\n  \"user-agent\": \"Mozilla/5.0 (Windows NT 10.0; Win64; x64) AppleWebKit/537.36 (KHTML, like Gecko) Cypress/13.17.0 Chrome/118.0.5993.159 Electron/27.3.10 Safari/537.36\",\n  \"accept\": \"*/*\",\n  \"accept-encoding\": \"gzip, deflate\",\n  \"content-type\": \"application/json\",\n  \"content-length\": 50\n}\nBody: {\"username\":\"emp_1752649418465\",\"password\":\"emp4\"}\n\n-----------------------------------------------------------\n\nThe response we got was:\n\nStatus: 500 - Internal Server Error\nHeaders: {\n  \"x-powered-by\": \"Express\",\n  \"access-control-allow-origin\": \"*\",\n  \"content-type\": \"application/json; charset=utf-8\",\n  \"content-length\": \"135\",\n  \"etag\": \"W/\\\"87-d2ijfee+TH/R+4s2YzfpjaqdTYA\\\"\",\n  \"date\": \"Wed, 16 Jul 2025 07:03:38 GMT\",\n  \"connection\": \"keep-alive\",\n  \"keep-alive\": \"timeout=5\"\n}\nBody: {\n  \"message\": \"Internal Server Error\",\n  \"error\": \"E11000 duplicate key error collection: test.users index: email_1 dup key: { email: null }\"\n}\n\n\nhttps://on.cypress.io/request\n    at <unknown> (http://localhost:8080/__cypress/runner/cypress_runner.js:132876:72)\n    at tryCatcher (http://localhost:8080/__cypress/runner/cypress_runner.js:1830:23)\n    at Promise._settlePromiseFromHandler (http://localhost:8080/__cypress/runner/cypress_runner.js:1542:31)\n    at Promise._settlePromise (http://localhost:8080/__cypress/runner/cypress_runner.js:1599:18)\n    at Promise._settlePromise0 (http://localhost:8080/__cypress/runner/cypress_runner.js:1644:10)\n    at Promise._settlePromises (http://localhost:8080/__cypress/runner/cypress_runner.js:1724:18)\n    at _drainQueueStep (http://localhost:8080/__cypress/runner/cypress_runner.js:2430:12)\n    at _drainQueue (http://localhost:8080/__cypress/runner/cypress_runner.js:2423:9)\n    at Async._drainQueues (http://localhost:8080/__cypress/runner/cypress_runner.js:2439:5)\n    at Async.drainQueues (http://localhost:8080/__cypress/runner/cypress_runner.js:2309:14)\nFrom Your Spec Code:\n    at Context.eval (webpack://exitease/./cypress/integration/backend/backendTests.spec.js:9:7)",
                "diff": null
              },
              "uuid": "8b1aa19e-f44e-4239-9a95-ae5e9c29104e",
              "parentUUID": "0be51f0b-97e8-4ccc-9fba-fc52f3907345",
              "isHook": false,
              "skipped": false
            },
            {
              "title": "should login the employee with valid credentials",
              "fullTitle": "Backend API Tests for Employee and Admin Role should login the employee with valid credentials",
              "timedOut": null,
              "duration": 200,
              "state": "failed",
              "speed": null,
              "pass": false,
              "fail": true,
              "pending": false,
              "context": null,
              "code": "cy.request(\"POST\", `${apiUrl}/auth/login`, {\n  username: employeeUsername,\n  // Use the same username as registration\n  password: employeePassword // Use the same password as registration\n}).then(response => {\n  expect(response.status).to.eq(200);\n  expect(response.body).to.have.property(\"token\");\n  Cypress.env(\"employeeAuthToken\", response.body.token); // Store token in Cypress environment variable\n});",
              "err": {
                "message": "CypressError: `cy.request()` failed on:\n\nhttp://localhost:8080/api/auth/login\n\nThe response we received from your web server was:\n\n  > 401: Unauthorized\n\nThis was considered a failure because the status code was not `2xx` or `3xx`.\n\nIf you do not want status codes to cause failures pass the option: `failOnStatusCode: false`\n\n-----------------------------------------------------------\n\nThe request we sent was:\n\nMethod: POST\nURL: http://localhost:8080/api/auth/login\nHeaders: {\n  \"Connection\": \"keep-alive\",\n  \"user-agent\": \"Mozilla/5.0 (Windows NT 10.0; Win64; x64) AppleWebKit/537.36 (KHTML, like Gecko) Cypress/13.17.0 Chrome/118.0.5993.159 Electron/27.3.10 Safari/537.36\",\n  \"accept\": \"*/*\",\n  \"accept-encoding\": \"gzip, deflate\",\n  \"content-type\": \"application/json\",\n  \"content-length\": 50\n}\nBody: {\"username\":\"emp_1752649418465\",\"password\":\"emp4\"}\n\n-----------------------------------------------------------\n\nThe response we got was:\n\nStatus: 401 - Unauthorized\nHeaders: {\n  \"x-powered-by\": \"Express\",\n  \"access-control-allow-origin\": \"*\",\n  \"content-type\": \"application/json; charset=utf-8\",\n  \"content-length\": \"33\",\n  \"etag\": \"W/\\\"21-dBEoW0UmTF+EGUMaprEp9/8zNNA\\\"\",\n  \"date\": \"Wed, 16 Jul 2025 07:03:38 GMT\",\n  \"connection\": \"keep-alive\",\n  \"keep-alive\": \"timeout=5\"\n}\nBody: {\n  \"message\": \"Invalid credentials\"\n}\n\n\nhttps://on.cypress.io/request",
                "estack": "CypressError: `cy.request()` failed on:\n\nhttp://localhost:8080/api/auth/login\n\nThe response we received from your web server was:\n\n  > 401: Unauthorized\n\nThis was considered a failure because the status code was not `2xx` or `3xx`.\n\nIf you do not want status codes to cause failures pass the option: `failOnStatusCode: false`\n\n-----------------------------------------------------------\n\nThe request we sent was:\n\nMethod: POST\nURL: http://localhost:8080/api/auth/login\nHeaders: {\n  \"Connection\": \"keep-alive\",\n  \"user-agent\": \"Mozilla/5.0 (Windows NT 10.0; Win64; x64) AppleWebKit/537.36 (KHTML, like Gecko) Cypress/13.17.0 Chrome/118.0.5993.159 Electron/27.3.10 Safari/537.36\",\n  \"accept\": \"*/*\",\n  \"accept-encoding\": \"gzip, deflate\",\n  \"content-type\": \"application/json\",\n  \"content-length\": 50\n}\nBody: {\"username\":\"emp_1752649418465\",\"password\":\"emp4\"}\n\n-----------------------------------------------------------\n\nThe response we got was:\n\nStatus: 401 - Unauthorized\nHeaders: {\n  \"x-powered-by\": \"Express\",\n  \"access-control-allow-origin\": \"*\",\n  \"content-type\": \"application/json; charset=utf-8\",\n  \"content-length\": \"33\",\n  \"etag\": \"W/\\\"21-dBEoW0UmTF+EGUMaprEp9/8zNNA\\\"\",\n  \"date\": \"Wed, 16 Jul 2025 07:03:38 GMT\",\n  \"connection\": \"keep-alive\",\n  \"keep-alive\": \"timeout=5\"\n}\nBody: {\n  \"message\": \"Invalid credentials\"\n}\n\n\nhttps://on.cypress.io/request\n    at <unknown> (http://localhost:8080/__cypress/runner/cypress_runner.js:132876:72)\n    at tryCatcher (http://localhost:8080/__cypress/runner/cypress_runner.js:1830:23)\n    at Promise._settlePromiseFromHandler (http://localhost:8080/__cypress/runner/cypress_runner.js:1542:31)\n    at Promise._settlePromise (http://localhost:8080/__cypress/runner/cypress_runner.js:1599:18)\n    at Promise._settlePromise0 (http://localhost:8080/__cypress/runner/cypress_runner.js:1644:10)\n    at Promise._settlePromises (http://localhost:8080/__cypress/runner/cypress_runner.js:1724:18)\n    at _drainQueueStep (http://localhost:8080/__cypress/runner/cypress_runner.js:2430:12)\n    at _drainQueue (http://localhost:8080/__cypress/runner/cypress_runner.js:2423:9)\n    at Async._drainQueues (http://localhost:8080/__cypress/runner/cypress_runner.js:2439:5)\n    at Async.drainQueues (http://localhost:8080/__cypress/runner/cypress_runner.js:2309:14)\nFrom Your Spec Code:\n    at Context.eval (webpack://exitease/./cypress/integration/backend/backendTests.spec.js:22:7)",
                "diff": null
              },
              "uuid": "f66cd016-955f-45db-8d19-de53245a55e5",
              "parentUUID": "0be51f0b-97e8-4ccc-9fba-fc52f3907345",
              "isHook": false,
              "skipped": false
            },
            {
              "title": "should submit resignation for an employee",
              "fullTitle": "Backend API Tests for Employee and Admin Role should submit resignation for an employee",
              "timedOut": null,
              "duration": 113,
              "state": "failed",
              "speed": null,
              "pass": false,
              "fail": true,
              "pending": false,
              "context": null,
              "code": "const token = Cypress.env(\"employeeAuthToken\"); // Retrieve token from Cypress environment variable\ncy.request({\n  method: \"POST\",\n  url: `${apiUrl}/user/resign`,\n  headers: {\n    Authorization: ` ${token}`\n  },\n  body: {\n    lwd: \"2024-12-26\"\n  }\n}).then(response => {\n  expect(response.status).to.eq(200);\n  employeeResignationId = response.body.data.resignation._id; // Store resignation ID for approval\n});",
              "err": {
                "message": "CypressError: `cy.request()` failed on:\n\nhttp://localhost:8080/api/user/resign\n\nThe response we received from your web server was:\n\n  > 401: Unauthorized\n\nThis was considered a failure because the status code was not `2xx` or `3xx`.\n\nIf you do not want status codes to cause failures pass the option: `failOnStatusCode: false`\n\n-----------------------------------------------------------\n\nThe request we sent was:\n\nMethod: POST\nURL: http://localhost:8080/api/user/resign\nHeaders: {\n  \"Connection\": \"keep-alive\",\n  \"Authorization\": \" undefined\",\n  \"user-agent\": \"Mozilla/5.0 (Windows NT 10.0; Win64; x64) AppleWebKit/537.36 (KHTML, like Gecko) Cypress/13.17.0 Chrome/118.0.5993.159 Electron/27.3.10 Safari/537.36\",\n  \"accept\": \"*/*\",\n  \"accept-encoding\": \"gzip, deflate\",\n  \"content-type\": \"application/json\",\n  \"content-length\": 20\n}\nBody: {\"lwd\":\"2024-12-26\"}\n\n-----------------------------------------------------------\n\nThe response we got was:\n\nStatus: 401 - Unauthorized\nHeaders: {\n  \"x-powered-by\": \"Express\",\n  \"access-control-allow-origin\": \"*\",\n  \"content-type\": \"application/json; charset=utf-8\",\n  \"content-length\": \"46\",\n  \"etag\": \"W/\\\"2e-aU+cKUaoX3n7owhgFwCdOoAikSU\\\"\",\n  \"date\": \"Wed, 16 Jul 2025 07:03:39 GMT\",\n  \"connection\": \"keep-alive\",\n  \"keep-alive\": \"timeout=5\"\n}\nBody: {\n  \"message\": \"Access Denied! No Token Provided\"\n}\n\n\nhttps://on.cypress.io/request",
                "estack": "CypressError: `cy.request()` failed on:\n\nhttp://localhost:8080/api/user/resign\n\nThe response we received from your web server was:\n\n  > 401: Unauthorized\n\nThis was considered a failure because the status code was not `2xx` or `3xx`.\n\nIf you do not want status codes to cause failures pass the option: `failOnStatusCode: false`\n\n-----------------------------------------------------------\n\nThe request we sent was:\n\nMethod: POST\nURL: http://localhost:8080/api/user/resign\nHeaders: {\n  \"Connection\": \"keep-alive\",\n  \"Authorization\": \" undefined\",\n  \"user-agent\": \"Mozilla/5.0 (Windows NT 10.0; Win64; x64) AppleWebKit/537.36 (KHTML, like Gecko) Cypress/13.17.0 Chrome/118.0.5993.159 Electron/27.3.10 Safari/537.36\",\n  \"accept\": \"*/*\",\n  \"accept-encoding\": \"gzip, deflate\",\n  \"content-type\": \"application/json\",\n  \"content-length\": 20\n}\nBody: {\"lwd\":\"2024-12-26\"}\n\n-----------------------------------------------------------\n\nThe response we got was:\n\nStatus: 401 - Unauthorized\nHeaders: {\n  \"x-powered-by\": \"Express\",\n  \"access-control-allow-origin\": \"*\",\n  \"content-type\": \"application/json; charset=utf-8\",\n  \"content-length\": \"46\",\n  \"etag\": \"W/\\\"2e-aU+cKUaoX3n7owhgFwCdOoAikSU\\\"\",\n  \"date\": \"Wed, 16 Jul 2025 07:03:39 GMT\",\n  \"connection\": \"keep-alive\",\n  \"keep-alive\": \"timeout=5\"\n}\nBody: {\n  \"message\": \"Access Denied! No Token Provided\"\n}\n\n\nhttps://on.cypress.io/request\n    at <unknown> (http://localhost:8080/__cypress/runner/cypress_runner.js:132876:72)\n    at tryCatcher (http://localhost:8080/__cypress/runner/cypress_runner.js:1830:23)\n    at Promise._settlePromiseFromHandler (http://localhost:8080/__cypress/runner/cypress_runner.js:1542:31)\n    at Promise._settlePromise (http://localhost:8080/__cypress/runner/cypress_runner.js:1599:18)\n    at Promise._settlePromise0 (http://localhost:8080/__cypress/runner/cypress_runner.js:1644:10)\n    at Promise._settlePromises (http://localhost:8080/__cypress/runner/cypress_runner.js:1724:18)\n    at _drainQueueStep (http://localhost:8080/__cypress/runner/cypress_runner.js:2430:12)\n    at _drainQueue (http://localhost:8080/__cypress/runner/cypress_runner.js:2423:9)\n    at Async._drainQueues (http://localhost:8080/__cypress/runner/cypress_runner.js:2439:5)\n    at Async.drainQueues (http://localhost:8080/__cypress/runner/cypress_runner.js:2309:14)\nFrom Your Spec Code:\n    at Context.eval (webpack://exitease/./cypress/integration/backend/backendTests.spec.js:34:7)",
                "diff": null
              },
              "uuid": "91f0643d-f81d-49ea-94dc-90666ee6a300",
              "parentUUID": "0be51f0b-97e8-4ccc-9fba-fc52f3907345",
              "isHook": false,
              "skipped": false
            },
            {
              "title": "should login as admin (HR)",
              "fullTitle": "Backend API Tests for Employee and Admin Role should login as admin (HR)",
              "timedOut": null,
              "duration": 104,
              "state": "passed",
              "speed": "fast",
              "pass": true,
              "fail": false,
              "pending": false,
              "context": null,
              "code": "cy.request(\"POST\", `${apiUrl}/auth/login`, {\n  username: \"admin\",\n  password: \"admin\"\n}).then(response => {\n  expect(response.status).to.eq(200);\n  expect(response.body).to.have.property(\"token\");\n  Cypress.env(\"adminAuthToken\", response.body.token); // Store admin token in Cypress environment variable\n});",
              "err": {},
              "uuid": "52aef684-bade-495b-becd-bd18698a33f4",
              "parentUUID": "0be51f0b-97e8-4ccc-9fba-fc52f3907345",
              "isHook": false,
              "skipped": false
            },
            {
              "title": "should view all resignations submitted by employees as admin",
              "fullTitle": "Backend API Tests for Employee and Admin Role should view all resignations submitted by employees as admin",
              "timedOut": null,
              "duration": 133,
              "state": "failed",
              "speed": null,
              "pass": false,
              "fail": true,
              "pending": false,
              "context": null,
              "code": "const token = Cypress.env(\"adminAuthToken\"); // Retrieve admin token from Cypress environment variable\ncy.request({\n  method: \"GET\",\n  url: `${apiUrl}/admin/resignations`,\n  headers: {\n    Authorization: `${token}`\n  }\n}).then(response => {\n  expect(response.status).to.eq(200);\n  expect(response.body.data).to.be.an(\"array\");\n});",
              "err": {
                "message": "CypressError: `cy.request()` failed on:\n\nhttp://localhost:8080/api/admin/resignations\n\nThe response we received from your web server was:\n\n  > 401: Unauthorized\n\nThis was considered a failure because the status code was not `2xx` or `3xx`.\n\nIf you do not want status codes to cause failures pass the option: `failOnStatusCode: false`\n\n-----------------------------------------------------------\n\nThe request we sent was:\n\nMethod: GET\nURL: http://localhost:8080/api/admin/resignations\nHeaders: {\n  \"Connection\": \"keep-alive\",\n  \"Authorization\": \"eyJhbGciOiJIUzI1NiIsInR5cCI6IkpXVCJ9.eyJpZCI6IjY4Nzc0ZWE2NTRiZjIzYTA1NGVkZWE0MyIsInJvbGUiOiJlbXBsb3llZSIsImlhdCI6MTc1MjY0OTQxOSwiZXhwIjoxNzUyNzM1ODE5fQ.Ao-ZQqC0gnZbpVe_s30ivaNT1bNBiHxwGovZdEEnVxE\",\n  \"user-agent\": \"Mozilla/5.0 (Windows NT 10.0; Win64; x64) AppleWebKit/537.36 (KHTML, like Gecko) Cypress/13.17.0 Chrome/118.0.5993.159 Electron/27.3.10 Safari/537.36\",\n  \"accept\": \"*/*\",\n  \"accept-encoding\": \"gzip, deflate\"\n}\n\n-----------------------------------------------------------\n\nThe response we got was:\n\nStatus: 401 - Unauthorized\nHeaders: {\n  \"x-powered-by\": \"Express\",\n  \"access-control-allow-origin\": \"*\",\n  \"content-type\": \"application/json; charset=utf-8\",\n  \"content-length\": \"46\",\n  \"etag\": \"W/\\\"2e-aU+cKUaoX3n7owhgFwCdOoAikSU\\\"\",\n  \"date\": \"Wed, 16 Jul 2025 07:03:39 GMT\",\n  \"connection\": \"keep-alive\",\n  \"keep-alive\": \"timeout=5\"\n}\nBody: {\n  \"message\": \"Access Denied! No Token Provided\"\n}\n\n\nhttps://on.cypress.io/request",
                "estack": "CypressError: `cy.request()` failed on:\n\nhttp://localhost:8080/api/admin/resignations\n\nThe response we received from your web server was:\n\n  > 401: Unauthorized\n\nThis was considered a failure because the status code was not `2xx` or `3xx`.\n\nIf you do not want status codes to cause failures pass the option: `failOnStatusCode: false`\n\n-----------------------------------------------------------\n\nThe request we sent was:\n\nMethod: GET\nURL: http://localhost:8080/api/admin/resignations\nHeaders: {\n  \"Connection\": \"keep-alive\",\n  \"Authorization\": \"eyJhbGciOiJIUzI1NiIsInR5cCI6IkpXVCJ9.eyJpZCI6IjY4Nzc0ZWE2NTRiZjIzYTA1NGVkZWE0MyIsInJvbGUiOiJlbXBsb3llZSIsImlhdCI6MTc1MjY0OTQxOSwiZXhwIjoxNzUyNzM1ODE5fQ.Ao-ZQqC0gnZbpVe_s30ivaNT1bNBiHxwGovZdEEnVxE\",\n  \"user-agent\": \"Mozilla/5.0 (Windows NT 10.0; Win64; x64) AppleWebKit/537.36 (KHTML, like Gecko) Cypress/13.17.0 Chrome/118.0.5993.159 Electron/27.3.10 Safari/537.36\",\n  \"accept\": \"*/*\",\n  \"accept-encoding\": \"gzip, deflate\"\n}\n\n-----------------------------------------------------------\n\nThe response we got was:\n\nStatus: 401 - Unauthorized\nHeaders: {\n  \"x-powered-by\": \"Express\",\n  \"access-control-allow-origin\": \"*\",\n  \"content-type\": \"application/json; charset=utf-8\",\n  \"content-length\": \"46\",\n  \"etag\": \"W/\\\"2e-aU+cKUaoX3n7owhgFwCdOoAikSU\\\"\",\n  \"date\": \"Wed, 16 Jul 2025 07:03:39 GMT\",\n  \"connection\": \"keep-alive\",\n  \"keep-alive\": \"timeout=5\"\n}\nBody: {\n  \"message\": \"Access Denied! No Token Provided\"\n}\n\n\nhttps://on.cypress.io/request\n    at <unknown> (http://localhost:8080/__cypress/runner/cypress_runner.js:132876:72)\n    at tryCatcher (http://localhost:8080/__cypress/runner/cypress_runner.js:1830:23)\n    at Promise._settlePromiseFromHandler (http://localhost:8080/__cypress/runner/cypress_runner.js:1542:31)\n    at Promise._settlePromise (http://localhost:8080/__cypress/runner/cypress_runner.js:1599:18)\n    at Promise._settlePromise0 (http://localhost:8080/__cypress/runner/cypress_runner.js:1644:10)\n    at Promise._settlePromises (http://localhost:8080/__cypress/runner/cypress_runner.js:1724:18)\n    at _drainQueueStep (http://localhost:8080/__cypress/runner/cypress_runner.js:2430:12)\n    at _drainQueue (http://localhost:8080/__cypress/runner/cypress_runner.js:2423:9)\n    at Async._drainQueues (http://localhost:8080/__cypress/runner/cypress_runner.js:2439:5)\n    at Async.drainQueues (http://localhost:8080/__cypress/runner/cypress_runner.js:2309:14)\nFrom Your Spec Code:\n    at Context.eval (webpack://exitease/./cypress/integration/backend/backendTests.spec.js:63:7)",
                "diff": null
              },
              "uuid": "e24d1438-af44-462f-b710-f703dac0133d",
              "parentUUID": "0be51f0b-97e8-4ccc-9fba-fc52f3907345",
              "isHook": false,
              "skipped": false
            },
            {
              "title": "should approve the employee’s resignation as admin",
              "fullTitle": "Backend API Tests for Employee and Admin Role should approve the employee’s resignation as admin",
              "timedOut": null,
              "duration": 113,
              "state": "failed",
              "speed": null,
              "pass": false,
              "fail": true,
              "pending": false,
              "context": null,
              "code": "const token = Cypress.env(\"adminAuthToken\"); // Retrieve admin token from Cypress environment variable\ncy.request({\n  method: \"PUT\",\n  url: `${apiUrl}/admin/conclude_resignation`,\n  headers: {\n    Authorization: `${token}`\n  },\n  body: {\n    resignationId: employeeResignationId,\n    approved: true,\n    lwd: \"26 Dec 2024\"\n  }\n}).then(response => {\n  expect(response.status).to.eq(200);\n});",
              "err": {
                "message": "CypressError: `cy.request()` failed on:\n\nhttp://localhost:8080/api/admin/conclude_resignation\n\nThe response we received from your web server was:\n\n  > 401: Unauthorized\n\nThis was considered a failure because the status code was not `2xx` or `3xx`.\n\nIf you do not want status codes to cause failures pass the option: `failOnStatusCode: false`\n\n-----------------------------------------------------------\n\nThe request we sent was:\n\nMethod: PUT\nURL: http://localhost:8080/api/admin/conclude_resignation\nHeaders: {\n  \"Connection\": \"keep-alive\",\n  \"Authorization\": \"eyJhbGciOiJIUzI1NiIsInR5cCI6IkpXVCJ9.eyJpZCI6IjY4Nzc0ZWE2NTRiZjIzYTA1NGVkZWE0MyIsInJvbGUiOiJlbXBsb3llZSIsImlhdCI6MTc1MjY0OTQxOSwiZXhwIjoxNzUyNzM1ODE5fQ.Ao-ZQqC0gnZbpVe_s30ivaNT1bNBiHxwGovZdEEnVxE\",\n  \"user-agent\": \"Mozilla/5.0 (Windows NT 10.0; Win64; x64) AppleWebKit/537.36 (KHTML, like Gecko) Cypress/13.17.0 Chrome/118.0.5993.159 Electron/27.3.10 Safari/537.36\",\n  \"accept\": \"*/*\",\n  \"accept-encoding\": \"gzip, deflate\",\n  \"content-type\": \"application/json\",\n  \"content-length\": 58\n}\nBody: {\"resignationId\":null,\"approved\":true,\"lwd\":\"26 Dec 2024\"}\n\n-----------------------------------------------------------\n\nThe response we got was:\n\nStatus: 401 - Unauthorized\nHeaders: {\n  \"x-powered-by\": \"Express\",\n  \"access-control-allow-origin\": \"*\",\n  \"content-type\": \"application/json; charset=utf-8\",\n  \"content-length\": \"46\",\n  \"etag\": \"W/\\\"2e-aU+cKUaoX3n7owhgFwCdOoAikSU\\\"\",\n  \"date\": \"Wed, 16 Jul 2025 07:03:39 GMT\",\n  \"connection\": \"keep-alive\",\n  \"keep-alive\": \"timeout=5\"\n}\nBody: {\n  \"message\": \"Access Denied! No Token Provided\"\n}\n\n\nhttps://on.cypress.io/request",
                "estack": "CypressError: `cy.request()` failed on:\n\nhttp://localhost:8080/api/admin/conclude_resignation\n\nThe response we received from your web server was:\n\n  > 401: Unauthorized\n\nThis was considered a failure because the status code was not `2xx` or `3xx`.\n\nIf you do not want status codes to cause failures pass the option: `failOnStatusCode: false`\n\n-----------------------------------------------------------\n\nThe request we sent was:\n\nMethod: PUT\nURL: http://localhost:8080/api/admin/conclude_resignation\nHeaders: {\n  \"Connection\": \"keep-alive\",\n  \"Authorization\": \"eyJhbGciOiJIUzI1NiIsInR5cCI6IkpXVCJ9.eyJpZCI6IjY4Nzc0ZWE2NTRiZjIzYTA1NGVkZWE0MyIsInJvbGUiOiJlbXBsb3llZSIsImlhdCI6MTc1MjY0OTQxOSwiZXhwIjoxNzUyNzM1ODE5fQ.Ao-ZQqC0gnZbpVe_s30ivaNT1bNBiHxwGovZdEEnVxE\",\n  \"user-agent\": \"Mozilla/5.0 (Windows NT 10.0; Win64; x64) AppleWebKit/537.36 (KHTML, like Gecko) Cypress/13.17.0 Chrome/118.0.5993.159 Electron/27.3.10 Safari/537.36\",\n  \"accept\": \"*/*\",\n  \"accept-encoding\": \"gzip, deflate\",\n  \"content-type\": \"application/json\",\n  \"content-length\": 58\n}\nBody: {\"resignationId\":null,\"approved\":true,\"lwd\":\"26 Dec 2024\"}\n\n-----------------------------------------------------------\n\nThe response we got was:\n\nStatus: 401 - Unauthorized\nHeaders: {\n  \"x-powered-by\": \"Express\",\n  \"access-control-allow-origin\": \"*\",\n  \"content-type\": \"application/json; charset=utf-8\",\n  \"content-length\": \"46\",\n  \"etag\": \"W/\\\"2e-aU+cKUaoX3n7owhgFwCdOoAikSU\\\"\",\n  \"date\": \"Wed, 16 Jul 2025 07:03:39 GMT\",\n  \"connection\": \"keep-alive\",\n  \"keep-alive\": \"timeout=5\"\n}\nBody: {\n  \"message\": \"Access Denied! No Token Provided\"\n}\n\n\nhttps://on.cypress.io/request\n    at <unknown> (http://localhost:8080/__cypress/runner/cypress_runner.js:132876:72)\n    at tryCatcher (http://localhost:8080/__cypress/runner/cypress_runner.js:1830:23)\n    at Promise._settlePromiseFromHandler (http://localhost:8080/__cypress/runner/cypress_runner.js:1542:31)\n    at Promise._settlePromise (http://localhost:8080/__cypress/runner/cypress_runner.js:1599:18)\n    at Promise._settlePromise0 (http://localhost:8080/__cypress/runner/cypress_runner.js:1644:10)\n    at Promise._settlePromises (http://localhost:8080/__cypress/runner/cypress_runner.js:1724:18)\n    at _drainQueueStep (http://localhost:8080/__cypress/runner/cypress_runner.js:2430:12)\n    at _drainQueue (http://localhost:8080/__cypress/runner/cypress_runner.js:2423:9)\n    at Async._drainQueues (http://localhost:8080/__cypress/runner/cypress_runner.js:2439:5)\n    at Async.drainQueues (http://localhost:8080/__cypress/runner/cypress_runner.js:2309:14)\nFrom Your Spec Code:\n    at Context.eval (webpack://exitease/./cypress/integration/backend/backendTests.spec.js:77:7)",
                "diff": null
              },
              "uuid": "23fbd2c5-8b6e-4995-b989-06e28b4b30c9",
              "parentUUID": "0be51f0b-97e8-4ccc-9fba-fc52f3907345",
              "isHook": false,
              "skipped": false
            },
            {
              "title": "should allow the employee to submit responses to exit questionnaire",
              "fullTitle": "Backend API Tests for Employee and Admin Role should allow the employee to submit responses to exit questionnaire",
              "timedOut": null,
              "duration": 121,
              "state": "failed",
              "speed": null,
              "pass": false,
              "fail": true,
              "pending": false,
              "context": null,
              "code": "const token = Cypress.env(\"employeeAuthToken\"); // Retrieve employee token from Cypress environment variable\ncy.request({\n  method: \"POST\",\n  url: `${apiUrl}/user/responses`,\n  headers: {\n    Authorization: `${token}`\n  },\n  body: {\n    responses: [{\n      questionText: \"What prompted you to start looking for another job?\",\n      response: \"Lack of career growth opportunities\"\n    }, {\n      questionText: \"Would you recommend this company to others?\",\n      response: \"Yes, with some reservations\"\n    }]\n  }\n}).then(response => {\n  expect(response.status).to.eq(200);\n});",
              "err": {
                "message": "CypressError: `cy.request()` failed on:\n\nhttp://localhost:8080/api/user/responses\n\nThe response we received from your web server was:\n\n  > 401: Unauthorized\n\nThis was considered a failure because the status code was not `2xx` or `3xx`.\n\nIf you do not want status codes to cause failures pass the option: `failOnStatusCode: false`\n\n-----------------------------------------------------------\n\nThe request we sent was:\n\nMethod: POST\nURL: http://localhost:8080/api/user/responses\nHeaders: {\n  \"Connection\": \"keep-alive\",\n  \"Authorization\": \"undefined\",\n  \"user-agent\": \"Mozilla/5.0 (Windows NT 10.0; Win64; x64) AppleWebKit/537.36 (KHTML, like Gecko) Cypress/13.17.0 Chrome/118.0.5993.159 Electron/27.3.10 Safari/537.36\",\n  \"accept\": \"*/*\",\n  \"accept-encoding\": \"gzip, deflate\",\n  \"content-type\": \"application/json\",\n  \"content-length\": 239\n}\nBody: {\"responses\":[{\"questionText\":\"What prompted you to start looking for another job?\",\"response\":\"Lack of career growth opportunities\"},{\"questionText\":\"Would you recommend this company to others?\",\"response\":\"Yes, with some reservations\"}]}\n\n-----------------------------------------------------------\n\nThe response we got was:\n\nStatus: 401 - Unauthorized\nHeaders: {\n  \"x-powered-by\": \"Express\",\n  \"access-control-allow-origin\": \"*\",\n  \"content-type\": \"application/json; charset=utf-8\",\n  \"content-length\": \"46\",\n  \"etag\": \"W/\\\"2e-aU+cKUaoX3n7owhgFwCdOoAikSU\\\"\",\n  \"date\": \"Wed, 16 Jul 2025 07:03:39 GMT\",\n  \"connection\": \"keep-alive\",\n  \"keep-alive\": \"timeout=5\"\n}\nBody: {\n  \"message\": \"Access Denied! No Token Provided\"\n}\n\n\nhttps://on.cypress.io/request",
                "estack": "CypressError: `cy.request()` failed on:\n\nhttp://localhost:8080/api/user/responses\n\nThe response we received from your web server was:\n\n  > 401: Unauthorized\n\nThis was considered a failure because the status code was not `2xx` or `3xx`.\n\nIf you do not want status codes to cause failures pass the option: `failOnStatusCode: false`\n\n-----------------------------------------------------------\n\nThe request we sent was:\n\nMethod: POST\nURL: http://localhost:8080/api/user/responses\nHeaders: {\n  \"Connection\": \"keep-alive\",\n  \"Authorization\": \"undefined\",\n  \"user-agent\": \"Mozilla/5.0 (Windows NT 10.0; Win64; x64) AppleWebKit/537.36 (KHTML, like Gecko) Cypress/13.17.0 Chrome/118.0.5993.159 Electron/27.3.10 Safari/537.36\",\n  \"accept\": \"*/*\",\n  \"accept-encoding\": \"gzip, deflate\",\n  \"content-type\": \"application/json\",\n  \"content-length\": 239\n}\nBody: {\"responses\":[{\"questionText\":\"What prompted you to start looking for another job?\",\"response\":\"Lack of career growth opportunities\"},{\"questionText\":\"Would you recommend this company to others?\",\"response\":\"Yes, with some reservations\"}]}\n\n-----------------------------------------------------------\n\nThe response we got was:\n\nStatus: 401 - Unauthorized\nHeaders: {\n  \"x-powered-by\": \"Express\",\n  \"access-control-allow-origin\": \"*\",\n  \"content-type\": \"application/json; charset=utf-8\",\n  \"content-length\": \"46\",\n  \"etag\": \"W/\\\"2e-aU+cKUaoX3n7owhgFwCdOoAikSU\\\"\",\n  \"date\": \"Wed, 16 Jul 2025 07:03:39 GMT\",\n  \"connection\": \"keep-alive\",\n  \"keep-alive\": \"timeout=5\"\n}\nBody: {\n  \"message\": \"Access Denied! No Token Provided\"\n}\n\n\nhttps://on.cypress.io/request\n    at <unknown> (http://localhost:8080/__cypress/runner/cypress_runner.js:132876:72)\n    at tryCatcher (http://localhost:8080/__cypress/runner/cypress_runner.js:1830:23)\n    at Promise._settlePromiseFromHandler (http://localhost:8080/__cypress/runner/cypress_runner.js:1542:31)\n    at Promise._settlePromise (http://localhost:8080/__cypress/runner/cypress_runner.js:1599:18)\n    at Promise._settlePromise0 (http://localhost:8080/__cypress/runner/cypress_runner.js:1644:10)\n    at Promise._settlePromises (http://localhost:8080/__cypress/runner/cypress_runner.js:1724:18)\n    at _drainQueueStep (http://localhost:8080/__cypress/runner/cypress_runner.js:2430:12)\n    at _drainQueue (http://localhost:8080/__cypress/runner/cypress_runner.js:2423:9)\n    at Async._drainQueues (http://localhost:8080/__cypress/runner/cypress_runner.js:2439:5)\n    at Async.drainQueues (http://localhost:8080/__cypress/runner/cypress_runner.js:2309:14)\nFrom Your Spec Code:\n    at Context.eval (webpack://exitease/./cypress/integration/backend/backendTests.spec.js:96:7)",
                "diff": null
              },
              "uuid": "9f28b7f4-9383-49f9-8bfb-262ba27fa773",
              "parentUUID": "0be51f0b-97e8-4ccc-9fba-fc52f3907345",
              "isHook": false,
              "skipped": false
            },
            {
              "title": "should allow the admin to view all questionnaire responses",
              "fullTitle": "Backend API Tests for Employee and Admin Role should allow the admin to view all questionnaire responses",
              "timedOut": null,
              "duration": 139,
              "state": "failed",
              "speed": null,
              "pass": false,
              "fail": true,
              "pending": false,
              "context": null,
              "code": "const token = Cypress.env(\"adminAuthToken\"); // Retrieve admin token from Cypress environment variable\ncy.request({\n  method: \"GET\",\n  url: `${apiUrl}/admin/exit_responses`,\n  headers: {\n    Authorization: `${token}`\n  }\n}).then(response => {\n  expect(response.status).to.eq(200);\n  expect(response.body.data).to.be.an(\"array\");\n  // Find the specific response data that matches the expected responses\n  const expectedResponses = [{\n    questionText: \"What prompted you to start looking for another job?\",\n    response: \"Lack of career growth opportunities\"\n  }, {\n    questionText: \"Would you recommend this company to others?\",\n    response: \"Yes, with some reservations\"\n  }];\n  // Check if any of the data array includes the expected responses\n  const hasExpectedResponses = response.body.data.some(item => {\n    return item.responses.length === expectedResponses.length && item.responses.every((resp, index) => {\n      return resp.questionText === expectedResponses[index].questionText && resp.response === expectedResponses[index].response;\n    });\n  });\n  // Assert that the expected responses exist in the data\n  expect(hasExpectedResponses).to.be.true;\n});",
              "err": {
                "message": "CypressError: `cy.request()` failed on:\n\nhttp://localhost:8080/api/admin/exit_responses\n\nThe response we received from your web server was:\n\n  > 401: Unauthorized\n\nThis was considered a failure because the status code was not `2xx` or `3xx`.\n\nIf you do not want status codes to cause failures pass the option: `failOnStatusCode: false`\n\n-----------------------------------------------------------\n\nThe request we sent was:\n\nMethod: GET\nURL: http://localhost:8080/api/admin/exit_responses\nHeaders: {\n  \"Connection\": \"keep-alive\",\n  \"Authorization\": \"eyJhbGciOiJIUzI1NiIsInR5cCI6IkpXVCJ9.eyJpZCI6IjY4Nzc0ZWE2NTRiZjIzYTA1NGVkZWE0MyIsInJvbGUiOiJlbXBsb3llZSIsImlhdCI6MTc1MjY0OTQxOSwiZXhwIjoxNzUyNzM1ODE5fQ.Ao-ZQqC0gnZbpVe_s30ivaNT1bNBiHxwGovZdEEnVxE\",\n  \"user-agent\": \"Mozilla/5.0 (Windows NT 10.0; Win64; x64) AppleWebKit/537.36 (KHTML, like Gecko) Cypress/13.17.0 Chrome/118.0.5993.159 Electron/27.3.10 Safari/537.36\",\n  \"accept\": \"*/*\",\n  \"accept-encoding\": \"gzip, deflate\"\n}\n\n-----------------------------------------------------------\n\nThe response we got was:\n\nStatus: 401 - Unauthorized\nHeaders: {\n  \"x-powered-by\": \"Express\",\n  \"access-control-allow-origin\": \"*\",\n  \"content-type\": \"application/json; charset=utf-8\",\n  \"content-length\": \"46\",\n  \"etag\": \"W/\\\"2e-aU+cKUaoX3n7owhgFwCdOoAikSU\\\"\",\n  \"date\": \"Wed, 16 Jul 2025 07:03:39 GMT\",\n  \"connection\": \"keep-alive\",\n  \"keep-alive\": \"timeout=5\"\n}\nBody: {\n  \"message\": \"Access Denied! No Token Provided\"\n}\n\n\nhttps://on.cypress.io/request",
                "estack": "CypressError: `cy.request()` failed on:\n\nhttp://localhost:8080/api/admin/exit_responses\n\nThe response we received from your web server was:\n\n  > 401: Unauthorized\n\nThis was considered a failure because the status code was not `2xx` or `3xx`.\n\nIf you do not want status codes to cause failures pass the option: `failOnStatusCode: false`\n\n-----------------------------------------------------------\n\nThe request we sent was:\n\nMethod: GET\nURL: http://localhost:8080/api/admin/exit_responses\nHeaders: {\n  \"Connection\": \"keep-alive\",\n  \"Authorization\": \"eyJhbGciOiJIUzI1NiIsInR5cCI6IkpXVCJ9.eyJpZCI6IjY4Nzc0ZWE2NTRiZjIzYTA1NGVkZWE0MyIsInJvbGUiOiJlbXBsb3llZSIsImlhdCI6MTc1MjY0OTQxOSwiZXhwIjoxNzUyNzM1ODE5fQ.Ao-ZQqC0gnZbpVe_s30ivaNT1bNBiHxwGovZdEEnVxE\",\n  \"user-agent\": \"Mozilla/5.0 (Windows NT 10.0; Win64; x64) AppleWebKit/537.36 (KHTML, like Gecko) Cypress/13.17.0 Chrome/118.0.5993.159 Electron/27.3.10 Safari/537.36\",\n  \"accept\": \"*/*\",\n  \"accept-encoding\": \"gzip, deflate\"\n}\n\n-----------------------------------------------------------\n\nThe response we got was:\n\nStatus: 401 - Unauthorized\nHeaders: {\n  \"x-powered-by\": \"Express\",\n  \"access-control-allow-origin\": \"*\",\n  \"content-type\": \"application/json; charset=utf-8\",\n  \"content-length\": \"46\",\n  \"etag\": \"W/\\\"2e-aU+cKUaoX3n7owhgFwCdOoAikSU\\\"\",\n  \"date\": \"Wed, 16 Jul 2025 07:03:39 GMT\",\n  \"connection\": \"keep-alive\",\n  \"keep-alive\": \"timeout=5\"\n}\nBody: {\n  \"message\": \"Access Denied! No Token Provided\"\n}\n\n\nhttps://on.cypress.io/request\n    at <unknown> (http://localhost:8080/__cypress/runner/cypress_runner.js:132876:72)\n    at tryCatcher (http://localhost:8080/__cypress/runner/cypress_runner.js:1830:23)\n    at Promise._settlePromiseFromHandler (http://localhost:8080/__cypress/runner/cypress_runner.js:1542:31)\n    at Promise._settlePromise (http://localhost:8080/__cypress/runner/cypress_runner.js:1599:18)\n    at Promise._settlePromise0 (http://localhost:8080/__cypress/runner/cypress_runner.js:1644:10)\n    at Promise._settlePromises (http://localhost:8080/__cypress/runner/cypress_runner.js:1724:18)\n    at _drainQueueStep (http://localhost:8080/__cypress/runner/cypress_runner.js:2430:12)\n    at _drainQueue (http://localhost:8080/__cypress/runner/cypress_runner.js:2423:9)\n    at Async._drainQueues (http://localhost:8080/__cypress/runner/cypress_runner.js:2439:5)\n    at Async.drainQueues (http://localhost:8080/__cypress/runner/cypress_runner.js:2309:14)\nFrom Your Spec Code:\n    at Context.eval (webpack://exitease/./cypress/integration/backend/backendTests.spec.js:122:7)",
                "diff": null
              },
              "uuid": "5d221704-ae07-4f26-85e2-d022ba541325",
              "parentUUID": "0be51f0b-97e8-4ccc-9fba-fc52f3907345",
              "isHook": false,
              "skipped": false
            }
          ],
          "suites": [],
          "passes": [
            "52aef684-bade-495b-becd-bd18698a33f4"
          ],
          "failures": [
            "8b1aa19e-f44e-4239-9a95-ae5e9c29104e",
            "f66cd016-955f-45db-8d19-de53245a55e5",
            "91f0643d-f81d-49ea-94dc-90666ee6a300",
            "e24d1438-af44-462f-b710-f703dac0133d",
            "23fbd2c5-8b6e-4995-b989-06e28b4b30c9",
            "9f28b7f4-9383-49f9-8bfb-262ba27fa773",
            "5d221704-ae07-4f26-85e2-d022ba541325"
          ],
          "pending": [],
          "skipped": [],
          "duration": 1208,
          "root": false,
          "rootEmpty": false,
          "_timeout": 2000
        }
      ],
      "passes": [],
      "failures": [],
      "pending": [],
      "skipped": [],
      "duration": 0,
      "root": true,
      "rootEmpty": true,
      "_timeout": 2000
    }
  ],
  "meta": {
    "mocha": {
      "version": "7.0.1"
    },
    "mochawesome": {
      "options": {
        "quiet": false,
        "reportFilename": "my-report",
        "saveHtml": true,
        "saveJson": true,
        "consoleReporter": "spec",
        "useInlineDiffs": false,
        "code": true
      },
      "version": "7.1.3"
    },
    "marge": {
      "options": {
        "charts": true,
        "json": true,
        "reportsDir": "reports/your-reports-folder",
        "reportFilename": "my-report",
        "overwrite": false
      },
      "version": "6.2.0"
    }
  }
}